[92m2022-07-25 16:36:19 I/main: Starting mirai-console...[0m[m
[92m2022-07-25 16:36:19 I/main: Backend: version 2.12.0, built on 2022-07-03 10:57:58.[0m[m
[92m2022-07-25 16:36:19 I/main: Frontend Terminal: version 2.12.0, provided by Mamoe Technologies[0m[m
[92m2022-07-25 16:36:19 I/main: Welcome to visit https://mirai.mamoe.net/[0m[m
[91m2022-07-25 16:36:20 W/stderr: SLF4J: Failed to load class "org.slf4j.impl.StaticLoggerBinder".[0m[m
[91m2022-07-25 16:36:20 W/stderr: SLF4J: Defaulting to no-operation (NOP) logger implementation[0m[m
[91m2022-07-25 16:36:20 W/stderr: SLF4J: See http://www.slf4j.org/codes.html#StaticLoggerBinder for further details.[0m[m
[92m2022-07-25 16:36:20 I/plugin: Successfully loaded plugin AutoGroup v2.0.3[0m[m
[92m2022-07-25 16:36:20 I/plugin: Successfully loaded plugin Chat Command v0.5.0[0m[m
[92m2022-07-25 16:36:20 I/plugin: Successfully loaded plugin net.mamoe.mirai-api-http v2.5.2[0m[m
[92m2022-07-25 16:36:20 I/plugin: Successfully loaded plugin Reporter v1.3.3[0m[m
[92m2022-07-25 16:36:20 I/plugin: Successfully loaded plugin Plum v1.0[0m[m
[92m2022-07-25 16:36:20 I/plugin: Successfully loaded plugin SteamHelper v1.0.10[0m[m
[92m2022-07-25 16:36:20 I/plugin: Successfully loaded plugin Setu v3.6.3[0m[m
[92m2022-07-25 16:36:20 I/plugin: Successfully loaded plugin MCL Addon v2.0.2[0m[m
[92m2022-07-25 16:36:20 I/main: Prepared built-in commands: autoLogin, help, login, logout, permission, status, stop[0m[m
[92m2022-07-25 16:36:20 I/AutoGroup: å¼€å§‹æŠ˜ç£¨ç¾¤å‹[0m[m
[91m2022-07-25 16:36:20 W/net.mamoe.mirai-api-http: USING INITIAL KEY, please edit the key[0m[m
[92m2022-07-25 16:36:20 I/Mirai HTTP API: ********************************************************[0m[m
[91m2022-07-25 16:36:20 W/stderr: SLF4J: Failed to load class "org.slf4j.impl.StaticLoggerBinder".[0m[m
[91m2022-07-25 16:36:20 W/stderr: SLF4J: Defaulting to no-operation (NOP) logger implementation[0m[m
[91m2022-07-25 16:36:20 W/stderr: SLF4J: See http://www.slf4j.org/codes.html#StaticLoggerBinder for further details.[0m[m
[92m2022-07-25 16:36:20 I/http adapter: >>> [http adapter] is listening at http://localhost:8080[0m[m
[92m2022-07-25 16:36:20 I/Mirai HTTP API: Http api server is running with verifyKey: INITKEYPqcMkD3J[0m[m
[92m2022-07-25 16:36:20 I/Mirai HTTP API: adaptors: [http][0m[m
[92m2022-07-25 16:36:20 I/Mirai HTTP API: ********************************************************[0m[m
[31m2022-07-25 16:36:20 E/Reporter: net.mamoe.yamlkt.YamlDecodingException: Top-level decoder: deserializing nested class for 'groupIdsPerBot' in 'newsGroupWhiteList'
...,558344752,870651793,1040698508}
                                  ^ at line 1, column 59

net.mamoe.yamlkt.YamlDecodingException: Top-level decoder: deserializing nested class for 'groupIdsPerBot' in 'newsGroupWhiteList'
...,558344752,870651793,1040698508}
                                  ^ at line 1, column 59

	at net.mamoe.yamlkt.internal.YamlUtils__ContextualExceptionKt.contextualDecodingException(ContextualException.kt:154)
	at net.mamoe.yamlkt.internal.YamlUtils.contextualDecodingException(Unknown Source)
	at net.mamoe.yamlkt.internal.YamlDecoder$AbstractDecoder.decodeSerializableElement(YamlDecoder.kt:181)
	at kotlinx.serialization.encoding.CompositeDecoder$DefaultImpls.decodeSerializableElement$default(Decoding.kt:535)
	at net.mamoe.mirai.console.internal.data.PluginDataImpl$updaterSerializer$1.deserialize(PluginDataImpl.kt:85)
	at net.mamoe.mirai.console.internal.data.PluginDataImpl$updaterSerializer$1.deserialize(PluginDataImpl.kt:47)
	at net.mamoe.yamlkt.Yaml.decodeFromString(Yaml.kt:162)
	at net.mamoe.mirai.console.internal.data.MultiFilePluginDataStorageImpl.load(MultiFilePluginDataStorageImpl.kt:44)
	at net.mamoe.mirai.console.plugin.jvm.AbstractJvmPlugin.reloadPluginConfig(AbstractJvmPlugin.kt:59)
	at news-reporter-1.3.3.mirai.jar//online.ruin_of_future.reporter.ReporterPlugin.onEnable(App.kt:74)
	at net.mamoe.mirai.console.internal.plugin.JvmPluginInternal.internalOnEnable$mirai_console(JvmPluginInternal.kt:131)
	at net.mamoe.mirai.console.internal.plugin.BuiltInJvmPluginLoaderImpl.enable(BuiltInJvmPluginLoaderImpl.kt:278)
	at net.mamoe.mirai.console.internal.plugin.BuiltInJvmPluginLoaderImpl.enable(BuiltInJvmPluginLoaderImpl.kt:35)
	at net.mamoe.mirai.console.plugin.jvm.JvmPluginLoader$BuiltIn.enable(JvmPluginLoader.kt)
	at net.mamoe.mirai.console.plugin.jvm.JvmPluginLoader$BuiltIn.enable(JvmPluginLoader.kt:50)
	at net.mamoe.mirai.console.plugin.PluginManager.enablePlugin(PluginManager.kt:173)
	at net.mamoe.mirai.console.internal.plugin.PluginManagerImpl.enableAllLoadedPlugins$mirai_console(PluginManagerImpl.kt:178)
	at net.mamoe.mirai.console.internal.MiraiConsoleImplementationBridge.doStart$mirai_console(MiraiConsoleImplementationBridge.kt:235)
	at net.mamoe.mirai.console.MiraiConsoleImplementation$Companion.start(MiraiConsoleImplementation.kt:464)
	at net.mamoe.mirai.console.terminal.MiraiConsoleTerminalLoader.startAsDaemon(MiraiConsoleTerminalLoader.kt:168)
	at net.mamoe.mirai.console.terminal.MiraiConsoleTerminalLoader.startAsDaemon$default(MiraiConsoleTerminalLoader.kt:167)
	at net.mamoe.mirai.console.terminal.MiraiConsoleTerminalLoader.main(MiraiConsoleTerminalLoader.kt:52)
	at java.base/jdk.internal.reflect.DirectMethodHandleAccessor.invoke(DirectMethodHandleAccessor.java:104)
	at java.base/java.lang.reflect.Method.invoke(Method.java:577)
	at org.itxtech.mcl.Utility.bootJars(Utility.java:89)
	at org.itxtech.mcl.Utility.bootJars(Utility.java:79)
	at org.itxtech.mcl.Utility.bootMirai(Utility.java:101)
	at org.itxtech.mcl.module.builtin.Boot.boot(Boot.java:109)
	at org.itxtech.mcl.module.ModuleManager.phaseBoot(ModuleManager.java:148)
	at org.itxtech.mcl.Loader.lambda$start$4(Loader.java:189)
	at org.itxtech.mcl.Loader.tryCatching(Loader.java:146)
	at org.itxtech.mcl.Loader.start(Loader.java:189)
	at org.itxtech.mcl.Loader.main(Loader.java:79)
Caused by: net.mamoe.yamlkt.YamlDecodingException: Top-level decoder: deserializing nested class for '1' in 'kotlin.collections.LinkedHashMap'
...,558344752,870651793,1040698508}
                                  ^ at line 1, column 59

	at net.mamoe.yamlkt.internal.YamlUtils__ContextualExceptionKt.contextualDecodingException(ContextualException.kt:154)
	at net.mamoe.yamlkt.internal.YamlUtils.contextualDecodingException(Unknown Source)
	at net.mamoe.yamlkt.internal.YamlDecoder$AbstractDecoder.decodeSerializableElement(YamlDecoder.kt:181)
	at kotlinx.serialization.encoding.CompositeDecoder$DefaultImpls.decodeSerializableElement$default(Decoding.kt:535)
	at kotlinx.serialization.internal.MapLikeSerializer.readElement(CollectionSerializers.kt:111)
	at kotlinx.serialization.internal.MapLikeSerializer.readElement(CollectionSerializers.kt:84)
	at kotlinx.serialization.internal.AbstractCollectionSerializer.readElement$default(CollectionSerializers.kt:51)
	at kotlinx.serialization.internal.AbstractCollectionSerializer.merge(CollectionSerializers.kt:36)
	at kotlinx.serialization.internal.AbstractCollectionSerializer.deserialize(CollectionSerializers.kt:43)
	at net.mamoe.mirai.console.data.SerializableValue$Companion$serializableValueWith$$inlined$map$1.deserialize(serializerHelper.kt:170)
	at net.mamoe.yamlkt.internal.YamlDecoder$AbstractDecoder.decodeSerializableElement(YamlDecoder.kt:179)
	... 30 more
Caused by: net.mamoe.yamlkt.YamlDecodingException: Top-level decoder: expected list(sequence), but found STRING_NULL
groupIdsPerBot: {756092113,558344752,870651793,1040698508}
                          ^ at line 1, column 28

	at net.mamoe.yamlkt.internal.YamlUtils__ContextualExceptionKt.contextualDecodingException(ContextualException.kt:154)
	at net.mamoe.yamlkt.internal.YamlUtils.contextualDecodingException(Unknown Source)
	at net.mamoe.yamlkt.internal.YamlDecoder.beginStructureImpl$yamlkt(YamlDecoder.kt:804)
	at net.mamoe.yamlkt.internal.YamlDecoder$AbstractDecoder.beginStructure(YamlDecoder.kt:152)
	at kotlinx.serialization.internal.AbstractCollectionSerializer.merge(CollectionSerializers.kt:29)
	at kotlinx.serialization.internal.AbstractCollectionSerializer.deserialize(CollectionSerializers.kt:43)
	at net.mamoe.yamlkt.internal.YamlDecoder$AbstractDecoder.decodeSerializableElement(YamlDecoder.kt:179)
	... 38 more
[0m[m
[92m2022-07-25 16:36:20 I/Plum: Plum >> Enable.[0m[m
[92m2022-07-25 16:36:20 I/Plum: Start Init...[0m[m
[92m2022-07-25 16:36:20 I/Plum: [CommandSystem] Init CommandSystem.[0m[m
[92m2022-07-25 16:36:20 I/Plum: [FileSystem] Init FileSystem.[0m[m
[92m2022-07-25 16:36:20 I/Plum: [FileSystem] Init All Configs...[0m[m
[92m2022-07-25 16:36:20 I/Plum: [FileSystem] Init >> ApplicationConfig.json[0m[m
[92m2022-07-25 16:36:20 I/Plum: [FileSystem] Load Local File to Memory >> ApplicationConfig.json[0m[m
[92m2022-07-25 16:36:21 I/Plum: Init AudioUtils.[0m[m
[92m2022-07-25 16:36:21 I/Plum: [TimerSystem] Start TimerSystem.[0m[m
[92m2022-07-25 16:36:21 I/Plum: End Init...[0m[m
[92m2022-07-25 16:36:21 I/Setu: Setu >> Enable.[0m[m
[92m2022-07-25 16:36:21 I/Setu: Start Init...[0m[m
[92m2022-07-25 16:36:21 I/Setu: [FileSystem] Init FileSystem.[0m[m
[92m2022-07-25 16:36:21 I/Setu: [FileSystem] Init All Configs...[0m[m
[92m2022-07-25 16:36:21 I/Setu: [FileSystem] Init >> ApplicationConfig.json[0m[m
[92m2022-07-25 16:36:21 I/Setu: [FileSystem] Load Local File to Memory >> ApplicationConfig.json[0m[m
[92m2022-07-25 16:36:21 I/Setu: [CommandSystem] Init CommandSystem.[0m[m
[92m2022-07-25 16:36:21 I/Setu: End Init...[0m[m
[91m2022-07-25 16:36:21 W/stderr: SLF4J: Failed to load class "org.slf4j.impl.StaticLoggerBinder".[0m[m
[91m2022-07-25 16:36:21 W/stderr: SLF4J: Defaulting to no-operation (NOP) logger implementation[0m[m
[91m2022-07-25 16:36:21 W/stderr: SLF4J: See http://www.slf4j.org/codes.html#StaticLoggerBinder for further details.[0m[m
[92m2022-07-25 16:36:21 I/MCL Addon: iTXTech MCL Version: 2.1.0-71ec418[0m[m
[91m2022-07-25 16:36:21 W/MCL Addon: iTXTech Soyuz æœªå®‰è£…ï¼ŒSoyuz MCL Handler ç‰¹æ€§å·²ç¦ç”¨[0m[m
[92m2022-07-25 16:36:21 I/SteamHelper: SteamHelperå·²å°±ç»ªï¼Œæ•°æ®åˆ·æ–°å‘½ä»¤å·²ç»å‘å‡ºï¼Œä¼šå»¶è¿ŸäºŽæ’ä»¶å¯åŠ¨ï¼Œè¯·ç¨åŽ[0m[m
[92m2022-07-25 16:36:21 I/main: 7 plugin(s) enabled.[0m[m
[92m2022-07-25 16:36:21 I/WindowHelperJvm: Mirai æ­£åœ¨ä½¿ç”¨æ¡Œé¢çŽ¯å¢ƒ. å¦‚é‡åˆ°éªŒè¯ç å°†ä¼šå¼¹å‡ºå¯¹è¯æ¡†. å¯æ·»åŠ  JVM å±žæ€§ `mirai.no-desktop` ä»¥å…³é—­.[0m[m
[92m2022-07-25 16:36:21 I/WindowHelperJvm: Mirai is using desktop. Captcha will be thrown by window popup. You can add `mirai.no-desktop` to JVM properties (-Dmirai.no-desktop) to disable it.[0m[m
[92m2022-07-25 16:36:21 I/main: Auto-login 2785766889[0m[m
[91m2022-07-25 16:36:21 W/stderr: ERROR StatusLogger Log4j2 could not find a logging implementation. Please add log4j-core to the classpath. Using SimpleLogger to log to the console...[0m[m
[92m2022-07-25 16:36:21 I/Bot.2785766889: Loaded account secrets from local cache.[0m[m
[92m2022-07-25 16:36:22 I/Bot.2785766889: Saved account secrets to local cache for fast login.[0m[m
[92m2022-07-25 16:36:22 I/Bot.2785766889: Login successful.[0m[m
[0m2022-07-25 16:36:23 V/Bot.2785766889: Event: BotOnlineEvent(bot=Bot(2785766889))[0m[m
[92m2022-07-25 16:36:23 I/AutoGroup: å¼€æˆ³[0m[m
[92m2022-07-25 16:36:23 I/Bot.2785766889: Bot login successful.[0m[m
[92m2022-07-25 16:36:23 I/main: mirai-console started successfully.[0m[m
[92m2022-07-25 16:36:24 I/SteamHelper: ä¿¡æ¯åˆ·æ–°çº¿ç¨‹æ‰§è¡Œå®Œæ¯•[0m[m
[0m2022-07-25 16:36:49 V/Bot.2785766889: [BOT(756092113)] XWJ(2604317843) -> éª‚æˆ‘[0m[m
[0m2022-07-25 16:37:21 V/Bot.2785766889: [BOT(756092113)] XWJ(2604317843) -> /epic[0m[m
[0m2022-07-25 16:37:28 V/Bot.2785766889: [BOT(756092113)] XWJ(2604317843) -> /sh epic[0m[m
[0m2022-07-25 16:37:29 V/Bot.2785766889: Group(756092113) <- Epicæœ¬å‘¨å…è´¹æ¸¸æˆï¼š\nã€ŠTannenbergã€‹[å¼€å§‹äºŽï¼š2022-07-21 23:00:00 æ˜ŸæœŸå››]\nä¼ å¥‡å•†åº—[å¼€å§‹äºŽï¼š2022-07-21 23:00:00 æ˜ŸæœŸå››]\n\næœªæ¥å…è´¹æ¸¸æˆï¼š\n????? / Lawn Mowing Simulator[å¼€å§‹äºŽï¼š2022-07-28 23:00:00 æ˜ŸæœŸå››]\n[0m[m
[0m2022-07-25 16:37:50 V/Bot.2785766889: [BOT(756092113)] XWJ(2604317843) -> ä»Šæ—¥æ–°é—»[0m[m
[92m2022-07-25 16:38:29 I/stdout: main dict load finished, time elapsed 1006 ms[0m[m
[92m2022-07-25 16:38:29 I/stdout: model load finished, time elapsed 30 ms.[0m[m
[0m2022-07-25 16:38:29 V/Bot.2785766889: [BOT(756092113)] XWJ(2604317843) -> ä»Šæ—¥æ–°é—»[0m[m
[0m2022-07-25 16:38:30 V/Bot.2785766889: Group(756092113) <- ä»Šæ—¥æ–°é—»[0m[m
[92m2022-07-25 16:38:30 I/AutoGroup: å¤è¯»äº†ä¸€æ¬¡[0m[m
[0m2022-07-25 16:40:21 V/Bot.2785766889: [BOT(756092113)] XWJ(2604317843) -> /help[0m[m
[0m2022-07-25 16:40:35 V/Bot.2785766889: [BOT(756092113)] XWJ(2604317843) -> /help[0m[m
[0m2022-07-25 16:40:36 V/Bot.2785766889: Group(756092113) <- [mirai:source:ids=[485], internalIds=[495285686], from group 2604317843 to 756092113 at 1658738443]/help[0m[m
[92m2022-07-25 16:40:36 I/AutoGroup: å¤è¯»äº†ä¸€æ¬¡[0m[m
[0m2022-07-25 16:41:27 V/Bot.2785766889: Event: OtherClientOnlineEvent(client=OtherClient(bot=2785766889,deviceName=HEA1OR,platform=WINDOWS), kind=MOBILE_PC_QQ)[0m[m
[0m2022-07-25 16:41:35 V/Bot.2785766889: [BOT(756092113)][SYNC] <- /help[0m[m
[0m2022-07-25 16:43:38 V/Bot.2785766889: [BOT(756092113)] XWJ(2604317843) -> ä»Šæ—¥é€ŸæŠ¥[0m[m
[0m2022-07-25 16:45:48 V/Bot.2785766889: [BOT(756092113)] XWJ(2604317843) -> ä»Šæ—¥åŠ¨ç”»[0m[m
[0m2022-07-25 16:46:49 V/Bot.2785766889: [BOT(756092113)] XWJ(2604317843) -> ä»Šæ—¥é€ŸæŠ¥[0m[m
