[92m2022-07-25 15:48:19 I/main: Starting mirai-console...[0m[m
[92m2022-07-25 15:48:19 I/main: Backend: version 2.12.0, built on 2022-07-03 10:57:58.[0m[m
[92m2022-07-25 15:48:19 I/main: Frontend Terminal: version 2.12.0, provided by Mamoe Technologies[0m[m
[92m2022-07-25 15:48:19 I/main: Welcome to visit https://mirai.mamoe.net/[0m[m
[91m2022-07-25 15:48:19 W/stderr: SLF4J: Failed to load class "org.slf4j.impl.StaticLoggerBinder".[0m[m
[91m2022-07-25 15:48:19 W/stderr: SLF4J: Defaulting to no-operation (NOP) logger implementation[0m[m
[91m2022-07-25 15:48:19 W/stderr: SLF4J: See http://www.slf4j.org/codes.html#StaticLoggerBinder for further details.[0m[m
[92m2022-07-25 15:48:20 I/plugin: Successfully loaded plugin AutoGroup v2.0.3[0m[m
[92m2022-07-25 15:48:20 I/plugin: Successfully loaded plugin Chat Command v0.5.0[0m[m
[92m2022-07-25 15:48:20 I/plugin: Successfully loaded plugin net.mamoe.mirai-api-http v2.5.2[0m[m
[92m2022-07-25 15:48:20 I/plugin: Successfully loaded plugin Reporter v1.3.3[0m[m
[92m2022-07-25 15:48:20 I/plugin: Successfully loaded plugin Plum v1.0[0m[m
[92m2022-07-25 15:48:20 I/plugin: Successfully loaded plugin SteamHelper v1.0.10[0m[m
[92m2022-07-25 15:48:20 I/plugin: Successfully loaded plugin Setu v3.6.3[0m[m
[92m2022-07-25 15:48:20 I/plugin: Successfully loaded plugin MCL Addon v2.0.2[0m[m
[92m2022-07-25 15:48:20 I/main: Prepared built-in commands: autoLogin, help, login, logout, permission, status, stop[0m[m
[92m2022-07-25 15:48:20 I/AutoGroup: å¼€å§‹æŠ˜ç£¨ç¾¤å‹[0m[m
[91m2022-07-25 15:48:20 W/net.mamoe.mirai-api-http: USING INITIAL KEY, please edit the key[0m[m
[92m2022-07-25 15:48:20 I/Mirai HTTP API: ********************************************************[0m[m
[91m2022-07-25 15:48:20 W/stderr: SLF4J: Failed to load class "org.slf4j.impl.StaticLoggerBinder".[0m[m
[91m2022-07-25 15:48:20 W/stderr: SLF4J: Defaulting to no-operation (NOP) logger implementation[0m[m
[91m2022-07-25 15:48:20 W/stderr: SLF4J: See http://www.slf4j.org/codes.html#StaticLoggerBinder for further details.[0m[m
[92m2022-07-25 15:48:20 I/http adapter: >>> [http adapter] is listening at http://localhost:8080[0m[m
[92m2022-07-25 15:48:20 I/Mirai HTTP API: Http api server is running with verifyKey: INITKEYPqcMkD3J[0m[m
[92m2022-07-25 15:48:20 I/Mirai HTTP API: adaptors: [http][0m[m
[92m2022-07-25 15:48:20 I/Mirai HTTP API: ********************************************************[0m[m
[92m2022-07-25 15:48:20 I/Plum: Plum >> Enable.[0m[m
[92m2022-07-25 15:48:20 I/Plum: Start Init...[0m[m
[92m2022-07-25 15:48:20 I/Plum: [CommandSystem] Init CommandSystem.[0m[m
[92m2022-07-25 15:48:20 I/Plum: [FileSystem] Init FileSystem.[0m[m
[92m2022-07-25 15:48:20 I/Plum: [FileSystem] Init All Configs...[0m[m
[92m2022-07-25 15:48:20 I/Plum: [FileSystem] Init >> ApplicationConfig.json[0m[m
[92m2022-07-25 15:48:20 I/Plum: [FileSystem] Load Local File to Memory >> ApplicationConfig.json[0m[m
[92m2022-07-25 15:48:20 I/Plum: Init AudioUtils.[0m[m
[92m2022-07-25 15:48:20 I/Plum: [TimerSystem] Start TimerSystem.[0m[m
[92m2022-07-25 15:48:20 I/Plum: End Init...[0m[m
[92m2022-07-25 15:48:20 I/Setu: Setu >> Enable.[0m[m
[92m2022-07-25 15:48:20 I/Setu: Start Init...[0m[m
[92m2022-07-25 15:48:20 I/Setu: [FileSystem] Init FileSystem.[0m[m
[92m2022-07-25 15:48:20 I/Setu: [FileSystem] Init All Configs...[0m[m
[92m2022-07-25 15:48:20 I/Setu: [FileSystem] Init >> ApplicationConfig.json[0m[m
[92m2022-07-25 15:48:20 I/Setu: [FileSystem] Load Local File to Memory >> ApplicationConfig.json[0m[m
[92m2022-07-25 15:48:20 I/Setu: [CommandSystem] Init CommandSystem.[0m[m
[92m2022-07-25 15:48:20 I/Setu: End Init...[0m[m
[91m2022-07-25 15:48:20 W/stderr: SLF4J: Failed to load class "org.slf4j.impl.StaticLoggerBinder".[0m[m
[91m2022-07-25 15:48:20 W/stderr: SLF4J: Defaulting to no-operation (NOP) logger implementation[0m[m
[91m2022-07-25 15:48:20 W/stderr: SLF4J: See http://www.slf4j.org/codes.html#StaticLoggerBinder for further details.[0m[m
[92m2022-07-25 15:48:20 I/MCL Addon: iTXTech MCL Version: 2.1.0-71ec418[0m[m
[91m2022-07-25 15:48:20 W/MCL Addon: iTXTech Soyuz æœªå®‰è£…ï¼ŒSoyuz MCL Handler ç‰¹æ€§å·²ç¦ç”¨[0m[m
[92m2022-07-25 15:48:20 I/SteamHelper: SteamHelperå·²å°±ç»ªï¼Œæ•°æ®åˆ·æ–°å‘½ä»¤å·²ç»å‘å‡ºï¼Œä¼šå»¶è¿Ÿäºæ’ä»¶å¯åŠ¨ï¼Œè¯·ç¨å[0m[m
[92m2022-07-25 15:48:20 I/main: 8 plugin(s) enabled.[0m[m
[92m2022-07-25 15:48:20 I/WindowHelperJvm: Mirai æ­£åœ¨ä½¿ç”¨æ¡Œé¢ç¯å¢ƒ. å¦‚é‡åˆ°éªŒè¯ç å°†ä¼šå¼¹å‡ºå¯¹è¯æ¡†. å¯æ·»åŠ  JVM å±æ€§ `mirai.no-desktop` ä»¥å…³é—­.[0m[m
[92m2022-07-25 15:48:20 I/WindowHelperJvm: Mirai is using desktop. Captcha will be thrown by window popup. You can add `mirai.no-desktop` to JVM properties (-Dmirai.no-desktop) to disable it.[0m[m
[92m2022-07-25 15:48:20 I/main: Auto-login 2785766889[0m[m
[91m2022-07-25 15:48:20 W/stderr: ERROR StatusLogger Log4j2 could not find a logging implementation. Please add log4j-core to the classpath. Using SimpleLogger to log to the console...[0m[m
[92m2022-07-25 15:48:21 I/Bot.2785766889: Loaded account secrets from local cache.[0m[m
[92m2022-07-25 15:48:21 I/Bot.2785766889: Saved account secrets to local cache for fast login.[0m[m
[92m2022-07-25 15:48:21 I/Bot.2785766889: Login successful.[0m[m
[0m2022-07-25 15:48:22 V/Bot.2785766889: Event: BotOnlineEvent(bot=Bot(2785766889))[0m[m
[92m2022-07-25 15:48:22 I/AutoGroup: å¼€æˆ³[0m[m
[92m2022-07-25 15:48:22 I/Bot.2785766889: Bot login successful.[0m[m
[92m2022-07-25 15:48:22 I/main: mirai-console started successfully.[0m[m
[92m2022-07-25 15:48:23 I/SteamHelper: ä¿¡æ¯åˆ·æ–°çº¿ç¨‹æ‰§è¡Œå®Œæ¯•[0m[m
